<?xml version="1.0" encoding="UTF-8"?>
<testng-results ignored="0" total="1" passed="1" failed="0" skipped="0">
  <reporter-output>
  </reporter-output>
  <suite started-at="2024-01-15T17:39:15 IST" name="Default suite" finished-at="2024-01-15T17:39:40 IST" duration-ms="24785">
    <groups>
    </groups>
    <test started-at="2024-01-15T17:39:15 IST" name="Default test" finished-at="2024-01-15T17:39:40 IST" duration-ms="24785">
      <class name="Loginpage.Loginpage_Testcase_001">
        <test-method is-config="true" signature="loadConfig()[pri:0, instance:Loginpage.Loginpage_Testcase_001@5824a83d]" started-at="2024-01-15T17:39:15 IST" name="loadConfig" finished-at="2024-01-15T17:39:15 IST" duration-ms="11" status="PASS">
          <reporter-output>
          </reporter-output>
        </test-method> <!-- loadConfig -->
        <test-method is-config="true" signature="setup()[pri:0, instance:Loginpage.Loginpage_Testcase_001@5824a83d]" started-at="2024-01-15T17:39:15 IST" name="setup" finished-at="2024-01-15T17:39:26 IST" duration-ms="10515" status="PASS">
          <reporter-output>
          </reporter-output>
        </test-method> <!-- setup -->
        <test-method signature="loginTest()[pri:0, instance:Loginpage.Loginpage_Testcase_001@5824a83d]" started-at="2024-01-15T17:39:26 IST" name="loginTest" finished-at="2024-01-15T17:39:40 IST" duration-ms="14193" status="PASS">
          <reporter-output>
          </reporter-output>
        </test-method> <!-- loginTest -->
      </class> <!-- Loginpage.Loginpage_Testcase_001 -->
    </test> <!-- Default test -->
  </suite> <!-- Default suite -->
</testng-results>
