<?xml version="1.0" encoding="UTF-8"?>
<testng-results ignored="0" total="1" passed="1" failed="0" skipped="0">
  <reporter-output>
  </reporter-output>
  <suite started-at="2024-01-16T17:44:33 IST" name="Default suite" finished-at="2024-01-16T17:44:34 IST" duration-ms="1491">
    <groups>
    </groups>
    <test started-at="2024-01-16T17:44:33 IST" name="Default test" finished-at="2024-01-16T17:44:34 IST" duration-ms="1491">
      <class name="Loginpage.ExcelDatadriven">
        <test-method signature="getDataFromExcel()[pri:0, instance:Loginpage.ExcelDatadriven@54bff557]" started-at="2024-01-16T17:44:33 IST" name="getDataFromExcel" finished-at="2024-01-16T17:44:34 IST" duration-ms="1425" status="PASS">
          <reporter-output>
          </reporter-output>
        </test-method> <!-- getDataFromExcel -->
      </class> <!-- Loginpage.ExcelDatadriven -->
    </test> <!-- Default test -->
  </suite> <!-- Default suite -->
</testng-results>
